<?xml version="1.0" encoding="UTF-8"?>
<testng-results ignored="0" total="1" passed="1" failed="0" skipped="0">
  <reporter-output>
  </reporter-output>
  <suite started-at="2023-08-26T12:08:18 IST" name="CheckboxesTestSuite" finished-at="2023-08-26T12:09:26 IST" duration-ms="68653">
    <groups>
    </groups>
    <test started-at="2023-08-26T12:08:18 IST" name="CheckboxesTests" finished-at="2023-08-26T12:09:26 IST" duration-ms="68653">
      <class name="com.herokuapp.theinternet.checkboxespagetests.CheckboxesTests">
        <test-method is-config="true" signature="setUp(java.lang.String,org.testng.ITestContext)[pri:0, instance:com.herokuapp.theinternet.checkboxespagetests.CheckboxesTests@3349e9bb]" started-at="2023-08-26T12:08:18 IST" name="setUp" finished-at="2023-08-26T12:09:16 IST" duration-ms="58240" status="PASS">
          <params>
            <param index="0">
              <value>
                <![CDATA[chrome]]>
              </value>
            </param>
            <param index="1">
              <value>
                <![CDATA[org.testng.TestRunner@6e0c6a7a]]>
              </value>
            </param>
          </params>
          <reporter-output>
          </reporter-output>
        </test-method> <!-- setUp -->
        <test-method signature="selectingTwoCheckboxesTest()[pri:0, instance:com.herokuapp.theinternet.checkboxespagetests.CheckboxesTests@3349e9bb]" started-at="2023-08-26T12:09:16 IST" name="selectingTwoCheckboxesTest" finished-at="2023-08-26T12:09:25 IST" duration-ms="8982" status="PASS">
          <reporter-output>
          </reporter-output>
        </test-method> <!-- selectingTwoCheckboxesTest -->
        <test-method is-config="true" signature="tearDown()[pri:0, instance:com.herokuapp.theinternet.checkboxespagetests.CheckboxesTests@3349e9bb]" started-at="2023-08-26T12:09:25 IST" name="tearDown" finished-at="2023-08-26T12:09:26 IST" duration-ms="1293" status="PASS">
          <reporter-output>
          </reporter-output>
        </test-method> <!-- tearDown -->
      </class> <!-- com.herokuapp.theinternet.checkboxespagetests.CheckboxesTests -->
    </test> <!-- CheckboxesTests -->
  </suite> <!-- CheckboxesTestSuite -->
</testng-results>
